<?xml version="1.0" encoding="UTF-8"?>
<!-- Generated by org.testng.reporters.JUnitXMLReporter -->
<testsuite hostname="DESKTOP-8EL6NRT" ignored="0" name="Homepage" tests="2" failures="0" timestamp="2020-03-09T21:30:21 IST" time="0.062" errors="0">
  <testcase name="@BeforeMethod initialize" time="0.001" classname="PersonalLearning.HomePage">
    <failure type="java.lang.NullPointerException">
      <![CDATA[java.lang.NullPointerException
at resources.Base.browserInvocation(Base.java:29)
at PersonalLearning.HomePage.initialize(HomePage.java:21)
at java.util.ArrayList.forEach(Unknown Source)
... Removed 31 stack frames]]>
    </failure>
  </testcase> <!-- @BeforeMethod initialize -->
  <testcase name="@AfterMethod browserClose" time="-1.583769621395E9" classname="PersonalLearning.HomePage">
    <skipped/>
  </testcase> <!-- @AfterMethod browserClose -->
  <testcase name="@BeforeMethod initialize" time="-1.583769621404E9" classname="PersonalLearning.HomePage">
    <skipped/>
  </testcase> <!-- @BeforeMethod initialize -->
  <testcase name="@AfterMethod browserClose" time="-1.583769621421E9" classname="PersonalLearning.HomePage">
    <skipped/>
  </testcase> <!-- @AfterMethod browserClose -->
  <testcase name="basePageNavigation" time="0.0" classname="PersonalLearning.HomePage">
    <skipped/>
  </testcase> <!-- basePageNavigation -->
  <testcase name="basePageNavigation" time="0.0" classname="PersonalLearning.HomePage">
    <skipped/>
  </testcase> <!-- basePageNavigation -->
</testsuite> <!-- Homepage -->
