<?xml version="1.0" encoding="UTF-8"?>
<!-- Generated by org.testng.reporters.JUnitXMLReporter -->
<testsuite hostname="DESKTOP-8EL6NRT" ignored="0" name="Test" tests="3" failures="0" timestamp="2020-03-08T17:17:53 IST" time="64.926" errors="0">
  <testcase name="homePageTitle" time="0.291" classname="PersonalLearning.HomePageTitle"/>
  <testcase name="basePageNavigation" time="9.526" classname="PersonalLearning.HomePage"/>
  <testcase name="basePageNavigation" time="9.411" classname="PersonalLearning.HomePage"/>
</testsuite> <!-- Test -->
