<?xml version="1.0" encoding="UTF-8"?>
<!-- Generated by org.testng.reporters.JUnitXMLReporter -->
<testsuite hostname="DESKTOP-8EL6NRT" ignored="0" name="Homepage" tests="4" failures="0" timestamp="2020-03-09T22:57:37 IST" time="45.351" errors="0">
  <testcase name="bannerValidation" time="0.087" classname="PersonalLearning.HomePageTitle"/>
  <testcase name="homePageTitle" time="0.389" classname="PersonalLearning.HomePageTitle"/>
  <testcase name="basePageNavigation" time="8.59" classname="PersonalLearning.HomePage"/>
  <testcase name="basePageNavigation" time="8.972" classname="PersonalLearning.HomePage"/>
</testsuite> <!-- Homepage -->
